# JRE version: Java(TM) SE Runtime Environment (8.0_151-b12) (build 1.8.0_151-b12)
# Java VM: Java HotSpot(TM) 64-Bit Server VM (25.151-b12 mixed mode windows-amd64 compressed oops)
Heap:
 PSYoungGen      total 202752K, used 159693K [0x0000000740900000, 0x0000000751900000, 0x00000007c0000000)
  eden space 139264K, 91% used [0x0000000740900000,0x0000000748617fa0,0x0000000749100000)
  from space 63488K, 49% used [0x000000074db00000,0x000000074f9db840,0x0000000751900000)
  to   space 69632K, 0% used [0x0000000749100000,0x0000000749100000,0x000000074d500000)
 ParOldGen       total 182784K, used 86905K [0x0000000641a00000, 0x000000064cc80000, 0x0000000740900000)
  object space 182784K, 47% used [0x0000000641a00000,0x0000000646ede628,0x000000064cc80000)
 Metaspace       used 59197K, capacity 60300K, committed 61056K, reserved 1101824K
  class space    used 8481K, capacity 8795K, committed 9088K, reserved 1048576K
GC Heap History (10 events):
Event: 318455.922 GC heap before
{Heap before GC invocations=45 (full 3):
 PSYoungGen      total 195072K, used 194751K [0x0000000740900000, 0x0000000752f80000, 0x00000007c0000000)
  eden space 155136K, 100% used [0x0000000740900000,0x000000074a080000,0x000000074a080000)
  from space 39936K, 99% used [0x000000074a400000,0x000000074caafc80,0x000000074cb00000)
  to   space 73216K, 0% used [0x000000074e800000,0x000000074e800000,0x0000000752f80000)
 ParOldGen       total 182784K, used 86541K [0x0000000641a00000, 0x000000064cc80000, 0x0000000740900000)
  object space 182784K, 47% used [0x0000000641a00000,0x0000000646e836f0,0x000000064cc80000)
 Metaspace       used 59195K, capacity 60300K, committed 61056K, reserved 1101824K
  class space    used 8481K, capacity 8795K, committed 9088K, reserved 1048576K
Event: 318455.929 GC heap after
Heap after GC invocations=45 (full 3):
 PSYoungGen      total 217088K, used 31118K [0x0000000740900000, 0x0000000752800000, 0x00000007c0000000)
  eden space 151552K, 0% used [0x0000000740900000,0x0000000740900000,0x0000000749d00000)
  from space 65536K, 47% used [0x000000074e800000,0x0000000750663840,0x0000000752800000)
  to   space 71168K, 0% used [0x0000000749d00000,0x0000000749d00000,0x000000074e280000)
 ParOldGen       total 182784K, used 86905K [0x0000000641a00000, 0x000000064cc80000, 0x0000000740900000)
  object space 182784K, 47% used [0x0000000641a00000,0x0000000646ede628,0x000000064cc80000)
 Metaspace       used 59195K, capacity 60300K, committed 61056K, reserved 1101824K
  class space    used 8481K, capacity 8795K, committed 9088K, reserved 1048576K
}
Event: 326278.983 GC heap before
{Heap before GC invocations=46 (full 3):
 PSYoungGen      total 217088K, used 182670K [0x0000000740900000, 0x0000000752800000, 0x00000007c0000000)
  eden space 151552K, 100% used [0x0000000740900000,0x0000000749d00000,0x0000000749d00000)
  from space 65536K, 47% used [0x000000074e800000,0x0000000750663840,0x0000000752800000)
  to   space 71168K, 0% used [0x0000000749d00000,0x0000000749d00000,0x000000074e280000)
 ParOldGen       total 182784K, used 86905K [0x0000000641a00000, 0x000000064cc80000, 0x0000000740900000)
  object space 182784K, 47% used [0x0000000641a00000,0x0000000646ede628,0x000000064cc80000)
 Metaspace       used 59195K, capacity 60300K, committed 61056K, reserved 1101824K
  class space    used 8481K, capacity 8795K, committed 9088K, reserved 1048576K
Event: 326278.989 GC heap after
Heap after GC invocations=46 (full 3):
 PSYoungGen      total 187904K, used 39045K [0x0000000740900000, 0x0000000752700000, 0x00000007c0000000)
  eden space 148480K, 0% used [0x0000000740900000,0x0000000740900000,0x0000000749a00000)
  from space 39424K, 99% used [0x0000000749d00000,0x000000074c321650,0x000000074c380000)
  to   space 72192K, 0% used [0x000000074e080000,0x000000074e080000,0x0000000752700000)
 ParOldGen       total 182784K, used 86905K [0x0000000641a00000, 0x000000064cc80000, 0x0000000740900000)
  object space 182784K, 47% used [0x0000000641a00000,0x0000000646ede628,0x000000064cc80000)
 Metaspace       used 59195K, capacity 60300K, committed 61056K, reserved 1101824K
  class space    used 8481K, capacity 8795K, committed 9088K, reserved 1048576K
}
Event: 333921.141 GC heap before
{Heap before GC invocations=47 (full 3):
 PSYoungGen      total 187904K, used 187525K [0x0000000740900000, 0x0000000752700000, 0x00000007c0000000)
  eden space 148480K, 100% used [0x0000000740900000,0x0000000749a00000,0x0000000749a00000)
  from space 39424K, 99% used [0x0000000749d00000,0x000000074c321650,0x000000074c380000)
  to   space 72192K, 0% used [0x000000074e080000,0x000000074e080000,0x0000000752700000)
 ParOldGen       total 182784K, used 86905K [0x0000000641a00000, 0x000000064cc80000, 0x0000000740900000)
  object space 182784K, 47% used [0x0000000641a00000,0x0000000646ede628,0x000000064cc80000)
 Metaspace       used 59195K, capacity 60300K, committed 61056K, reserved 1101824K
  class space    used 8481K, capacity 8795K, committed 9088K, reserved 1048576K
Event: 333921.154 GC heap after
Heap after GC invocations=47 (full 3):
 PSYoungGen      total 215552K, used 39045K [0x0000000740900000, 0x0000000752500000, 0x00000007c0000000)
  eden space 145408K, 0% used [0x0000000740900000,0x0000000740900000,0x0000000749700000)
  from space 70144K, 55% used [0x000000074e080000,0x00000007506a1650,0x0000000752500000)
  to   space 72704K, 0% used [0x0000000749700000,0x0000000749700000,0x000000074de00000)
 ParOldGen       total 182784K, used 86905K [0x0000000641a00000, 0x000000064cc80000, 0x0000000740900000)
  object space 182784K, 47% used [0x0000000641a00000,0x0000000646ede628,0x000000064cc80000)
 Metaspace       used 59195K, capacity 60300K, committed 61056K, reserved 1101824K
  class space    used 8481K, capacity 8795K, committed 9088K, reserved 1048576K
}
Event: 341392.272 GC heap before
{Heap before GC invocations=48 (full 3):
 PSYoungGen      total 215552K, used 184453K [0x0000000740900000, 0x0000000752500000, 0x00000007c0000000)
  eden space 145408K, 100% used [0x0000000740900000,0x0000000749700000,0x0000000749700000)
  from space 70144K, 55% used [0x000000074e080000,0x00000007506a1650,0x0000000752500000)
  to   space 72704K, 0% used [0x0000000749700000,0x0000000749700000,0x000000074de00000)
 ParOldGen       total 182784K, used 86905K [0x0000000641a00000, 0x000000064cc80000, 0x0000000740900000)
  object space 182784K, 47% used [0x0000000641a00000,0x0000000646ede628,0x000000064cc80000)
 Metaspace       used 59195K, capacity 60300K, committed 61056K, reserved 1101824K
  class space    used 8481K, capacity 8795K, committed 9088K, reserved 1048576K
Event: 341392.278 GC heap after
Heap after GC invocations=48 (full 3):
 PSYoungGen      total 181760K, used 39045K [0x0000000740900000, 0x0000000752200000, 0x00000007c0000000)
  eden space 142336K, 0% used [0x0000000740900000,0x0000000740900000,0x0000000749400000)
  from space 39424K, 99% used [0x0000000749700000,0x000000074bd21650,0x000000074bd80000)
  to   space 72704K, 0% used [0x000000074db00000,0x000000074db00000,0x0000000752200000)
 ParOldGen       total 182784K, used 86905K [0x0000000641a00000, 0x000000064cc80000, 0x0000000740900000)
  object space 182784K, 47% used [0x0000000641a00000,0x0000000646ede628,0x000000064cc80000)
 Metaspace       used 59195K, capacity 60300K, committed 61056K, reserved 1101824K
  class space    used 8481K, capacity 8795K, committed 9088K, reserved 1048576K
}
Event: 348637.518 GC heap before
{Heap before GC invocations=49 (full 3):
 PSYoungGen      total 181760K, used 181381K [0x0000000740900000, 0x0000000752200000, 0x00000007c0000000)
  eden space 142336K, 100% used [0x0000000740900000,0x0000000749400000,0x0000000749400000)
  from space 39424K, 99% used [0x0000000749700000,0x000000074bd21650,0x000000074bd80000)
  to   space 72704K, 0% used [0x000000074db00000,0x000000074db00000,0x0000000752200000)
 ParOldGen       total 182784K, used 86905K [0x0000000641a00000, 0x000000064cc80000, 0x0000000740900000)
  object space 182784K, 47% used [0x0000000641a00000,0x0000000646ede628,0x000000064cc80000)
 Metaspace       used 59195K, capacity 60300K, committed 61056K, reserved 1101824K
  class space    used 8481K, capacity 8795K, committed 9088K, reserved 1048576K
Event: 348637.558 GC heap after
Heap after GC invocations=49 (full 3):
 PSYoungGen      total 202752K, used 31598K [0x0000000740900000, 0x0000000751900000, 0x00000007c0000000)
  eden space 139264K, 0% used [0x0000000740900000,0x0000000740900000,0x0000000749100000)
  from space 63488K, 49% used [0x000000074db00000,0x000000074f9db840,0x0000000751900000)
  to   space 69632K, 0% used [0x0000000749100000,0x0000000749100000,0x000000074d500000)
 ParOldGen       total 182784K, used 86905K [0x0000000641a00000, 0x000000064cc80000, 0x0000000740900000)
  object space 182784K, 47% used [0x0000000641a00000,0x0000000646ede628,0x000000064cc80000)
 Metaspace       used 59195K, capacity 60300K, committed 61056K, reserved 1101824K
  class space    used 8481K, capacity 8795K, committed 9088K, reserved 1048576K
}

