# JRE version: Java(TM) SE Runtime Environment (8.0_151-b12) (build 1.8.0_151-b12)
# Java VM: Java HotSpot(TM) 64-Bit Server VM (25.151-b12 mixed mode windows-amd64 compressed oops)
Heap:
 PSYoungGen      total 294400K, used 273856K [0x0000000740900000, 0x0000000756500000, 0x00000007c0000000)
  eden space 243712K, 94% used [0x0000000740900000,0x000000074e9c1758,0x000000074f700000)
  from space 50688K, 86% used [0x0000000753000000,0x0000000755aaea10,0x0000000756180000)
  to   space 56320K, 0% used [0x000000074f700000,0x000000074f700000,0x0000000752e00000)
 ParOldGen       total 156672K, used 90539K [0x0000000641a00000, 0x000000064b300000, 0x0000000740900000)
  object space 156672K, 57% used [0x0000000641a00000,0x000000064726ae68,0x000000064b300000)
 Metaspace       used 60273K, capacity 61462K, committed 62336K, reserved 1101824K
  class space    used 8501K, capacity 8806K, committed 9088K, reserved 1048576K
GC Heap History (10 events):
Event: 637041.896 GC heap before
{Heap before GC invocations=42 (full 6):
 PSYoungGen      total 314368K, used 314367K [0x0000000740900000, 0x0000000758000000, 0x00000007c0000000)
  eden space 285696K, 100% used [0x0000000740900000,0x0000000752000000,0x0000000752000000)
  from space 28672K, 99% used [0x0000000752980000,0x000000075457fdb0,0x0000000754580000)
  to   space 49152K, 0% used [0x0000000755000000,0x0000000755000000,0x0000000758000000)
 ParOldGen       total 156672K, used 90084K [0x0000000641a00000, 0x000000064b300000, 0x0000000740900000)
  object space 156672K, 57% used [0x0000000641a00000,0x00000006471f93c8,0x000000064b300000)
 Metaspace       used 60254K, capacity 61456K, committed 62336K, reserved 1101824K
  class space    used 8500K, capacity 8805K, committed 9088K, reserved 1048576K
Event: 637041.934 GC heap after
Heap after GC invocations=42 (full 6):
 PSYoungGen      total 318464K, used 28671K [0x0000000740900000, 0x0000000757900000, 0x00000007c0000000)
  eden space 276480K, 0% used [0x0000000740900000,0x0000000740900000,0x0000000751700000)
  from space 41984K, 68% used [0x0000000755000000,0x0000000756bffe10,0x0000000757900000)
  to   space 50176K, 0% used [0x0000000751700000,0x0000000751700000,0x0000000754800000)
 ParOldGen       total 156672K, used 90084K [0x0000000641a00000, 0x000000064b300000, 0x0000000740900000)
  object space 156672K, 57% used [0x0000000641a00000,0x00000006471f93c8,0x000000064b300000)
 Metaspace       used 60254K, capacity 61456K, committed 62336K, reserved 1101824K
  class space    used 8500K, capacity 8805K, committed 9088K, reserved 1048576K
}
Event: 651831.546 GC heap before
{Heap before GC invocations=43 (full 6):
 PSYoungGen      total 318464K, used 305151K [0x0000000740900000, 0x0000000757900000, 0x00000007c0000000)
  eden space 276480K, 100% used [0x0000000740900000,0x0000000751700000,0x0000000751700000)
  from space 41984K, 68% used [0x0000000755000000,0x0000000756bffe10,0x0000000757900000)
  to   space 50176K, 0% used [0x0000000751700000,0x0000000751700000,0x0000000754800000)
 ParOldGen       total 156672K, used 90084K [0x0000000641a00000, 0x000000064b300000, 0x0000000740900000)
  object space 156672K, 57% used [0x0000000641a00000,0x00000006471f93c8,0x000000064b300000)
 Metaspace       used 60254K, capacity 61456K, committed 62336K, reserved 1101824K
  class space    used 8500K, capacity 8805K, committed 9088K, reserved 1048576K
Event: 651831.558 GC heap after
Heap after GC invocations=43 (full 6):
 PSYoungGen      total 296448K, used 28259K [0x0000000740900000, 0x0000000757180000, 0x00000007c0000000)
  eden space 267776K, 0% used [0x0000000740900000,0x0000000740900000,0x0000000750e80000)
  from space 28672K, 98% used [0x0000000751700000,0x0000000753298e30,0x0000000753300000)
  to   space 50688K, 0% used [0x0000000754000000,0x0000000754000000,0x0000000757180000)
 ParOldGen       total 156672K, used 90507K [0x0000000641a00000, 0x000000064b300000, 0x0000000740900000)
  object space 156672K, 57% used [0x0000000641a00000,0x0000000647262e68,0x000000064b300000)
 Metaspace       used 60254K, capacity 61456K, committed 62336K, reserved 1101824K
  class space    used 8500K, capacity 8805K, committed 9088K, reserved 1048576K
}
Event: 666193.852 GC heap before
{Heap before GC invocations=44 (full 6):
 PSYoungGen      total 296448K, used 296035K [0x0000000740900000, 0x0000000757180000, 0x00000007c0000000)
  eden space 267776K, 100% used [0x0000000740900000,0x0000000750e80000,0x0000000750e80000)
  from space 28672K, 98% used [0x0000000751700000,0x0000000753298e30,0x0000000753300000)
  to   space 50688K, 0% used [0x0000000754000000,0x0000000754000000,0x0000000757180000)
 ParOldGen       total 156672K, used 90507K [0x0000000641a00000, 0x000000064b300000, 0x0000000740900000)
  object space 156672K, 57% used [0x0000000641a00000,0x0000000647262e68,0x000000064b300000)
 Metaspace       used 60254K, capacity 61456K, committed 62336K, reserved 1101824K
  class space    used 8500K, capacity 8805K, committed 9088K, reserved 1048576K
Event: 666193.868 GC heap after
Heap after GC invocations=44 (full 6):
 PSYoungGen      total 302080K, used 28243K [0x0000000740900000, 0x0000000756980000, 0x00000007c0000000)
  eden space 259584K, 0% used [0x0000000740900000,0x0000000740900000,0x0000000750680000)
  from space 42496K, 66% used [0x0000000754000000,0x0000000755b94e40,0x0000000756980000)
  to   space 50688K, 0% used [0x0000000750680000,0x0000000750680000,0x0000000753800000)
 ParOldGen       total 156672K, used 90507K [0x0000000641a00000, 0x000000064b300000, 0x0000000740900000)
  object space 156672K, 57% used [0x0000000641a00000,0x0000000647262e68,0x000000064b300000)
 Metaspace       used 60254K, capacity 61456K, committed 62336K, reserved 1101824K
  class space    used 8500K, capacity 8805K, committed 9088K, reserved 1048576K
}
Event: 680075.040 GC heap before
{Heap before GC invocations=45 (full 6):
 PSYoungGen      total 302080K, used 287827K [0x0000000740900000, 0x0000000756980000, 0x00000007c0000000)
  eden space 259584K, 100% used [0x0000000740900000,0x0000000750680000,0x0000000750680000)
  from space 42496K, 66% used [0x0000000754000000,0x0000000755b94e40,0x0000000756980000)
  to   space 50688K, 0% used [0x0000000750680000,0x0000000750680000,0x0000000753800000)
 ParOldGen       total 156672K, used 90507K [0x0000000641a00000, 0x000000064b300000, 0x0000000740900000)
  object space 156672K, 57% used [0x0000000641a00000,0x0000000647262e68,0x000000064b300000)
 Metaspace       used 60254K, capacity 61456K, committed 62336K, reserved 1101824K
  class space    used 8500K, capacity 8805K, committed 9088K, reserved 1048576K
Event: 680075.046 GC heap after
Heap after GC invocations=45 (full 6):
 PSYoungGen      total 280064K, used 28227K [0x0000000740900000, 0x0000000756180000, 0x00000007c0000000)
  eden space 251392K, 0% used [0x0000000740900000,0x0000000740900000,0x000000074fe80000)
  from space 28672K, 98% used [0x0000000750680000,0x0000000752210e10,0x0000000752280000)
  to   space 50688K, 0% used [0x0000000753000000,0x0000000753000000,0x0000000756180000)
 ParOldGen       total 156672K, used 90507K [0x0000000641a00000, 0x000000064b300000, 0x0000000740900000)
  object space 156672K, 57% used [0x0000000641a00000,0x0000000647262e68,0x000000064b300000)
 Metaspace       used 60254K, capacity 61456K, committed 62336K, reserved 1101824K
  class space    used 8500K, capacity 8805K, committed 9088K, reserved 1048576K
}
Event: 692485.418 GC heap before
{Heap before GC invocations=46 (full 6):
 PSYoungGen      total 280064K, used 279619K [0x0000000740900000, 0x0000000756180000, 0x00000007c0000000)
  eden space 251392K, 100% used [0x0000000740900000,0x000000074fe80000,0x000000074fe80000)
  from space 28672K, 98% used [0x0000000750680000,0x0000000752210e10,0x0000000752280000)
  to   space 50688K, 0% used [0x0000000753000000,0x0000000753000000,0x0000000756180000)
 ParOldGen       total 156672K, used 90507K [0x0000000641a00000, 0x000000064b300000, 0x0000000740900000)
  object space 156672K, 57% used [0x0000000641a00000,0x0000000647262e68,0x000000064b300000)
 Metaspace       used 60257K, capacity 61456K, committed 62336K, reserved 1101824K
  class space    used 8500K, capacity 8805K, committed 9088K, reserved 1048576K
Event: 692485.431 GC heap after
Heap after GC invocations=46 (full 6):
 PSYoungGen      total 294400K, used 43706K [0x0000000740900000, 0x0000000756500000, 0x00000007c0000000)
  eden space 243712K, 0% used [0x0000000740900000,0x0000000740900000,0x000000074f700000)
  from space 50688K, 86% used [0x0000000753000000,0x0000000755aaea10,0x0000000756180000)
  to   space 56320K, 0% used [0x000000074f700000,0x000000074f700000,0x0000000752e00000)
 ParOldGen       total 156672K, used 90539K [0x0000000641a00000, 0x000000064b300000, 0x0000000740900000)
  object space 156672K, 57% used [0x0000000641a00000,0x000000064726ae68,0x000000064b300000)
 Metaspace       used 60257K, capacity 61456K, committed 62336K, reserved 1101824K
  class space    used 8500K, capacity 8805K, committed 9088K, reserved 1048576K
}

