# JRE version: Java(TM) SE Runtime Environment (8.0_131-b11) (build 1.8.0_131-b11)
# Java VM: Java HotSpot(TM) 64-Bit Server VM (25.131-b11 mixed mode windows-amd64 compressed oops)
Heap:
 PSYoungGen      total 86016K, used 38945K [0x0000000740900000, 0x0000000746780000, 0x00000007c0000000)
  eden space 77312K, 47% used [0x0000000740900000,0x0000000742c89888,0x0000000745480000)
  from space 8704K, 29% used [0x0000000745f00000,0x000000074617ed58,0x0000000746780000)
  to   space 9728K, 0% used [0x0000000745480000,0x0000000745480000,0x0000000745e00000)
 ParOldGen       total 287744K, used 71077K [0x0000000641a00000, 0x0000000653300000, 0x0000000740900000)
  object space 287744K, 24% used [0x0000000641a00000,0x0000000645f694e0,0x0000000653300000)
 Metaspace       used 52621K, capacity 53736K, committed 54400K, reserved 1095680K
  class space    used 6796K, capacity 7107K, committed 7296K, reserved 1048576K
GC Heap History (10 events):
Event: 185213.918 GC heap before
{Heap before GC invocations=97 (full 14):
 PSYoungGen      total 89088K, used 36694K [0x0000000740900000, 0x0000000746b00000, 0x00000007c0000000)
  eden space 78848K, 39% used [0x0000000740900000,0x0000000742750478,0x0000000745600000)
  from space 10240K, 55% used [0x0000000746100000,0x00000007466855f8,0x0000000746b00000)
  to   space 10752K, 0% used [0x0000000745600000,0x0000000745600000,0x0000000746080000)
 ParOldGen       total 287744K, used 70931K [0x0000000641a00000, 0x0000000653300000, 0x0000000740900000)
  object space 287744K, 24% used [0x0000000641a00000,0x0000000645f44d48,0x0000000653300000)
 Metaspace       used 52555K, capacity 53724K, committed 54400K, reserved 1095680K
  class space    used 6794K, capacity 7105K, committed 7296K, reserved 1048576K
Event: 185213.921 GC heap after
Heap after GC invocations=97 (full 14):
 PSYoungGen      total 81920K, used 3023K [0x0000000740900000, 0x0000000746a00000, 0x00000007c0000000)
  eden space 78848K, 0% used [0x0000000740900000,0x0000000740900000,0x0000000745600000)
  from space 3072K, 98% used [0x0000000745600000,0x00000007458f3db8,0x0000000745900000)
  to   space 10240K, 0% used [0x0000000746000000,0x0000000746000000,0x0000000746a00000)
 ParOldGen       total 287744K, used 70931K [0x0000000641a00000, 0x0000000653300000, 0x0000000740900000)
  object space 287744K, 24% used [0x0000000641a00000,0x0000000645f44d48,0x0000000653300000)
 Metaspace       used 52555K, capacity 53724K, committed 54400K, reserved 1095680K
  class space    used 6794K, capacity 7105K, committed 7296K, reserved 1048576K
}
Event: 185213.921 GC heap before
{Heap before GC invocations=98 (full 15):
 PSYoungGen      total 81920K, used 3023K [0x0000000740900000, 0x0000000746a00000, 0x00000007c0000000)
  eden space 78848K, 0% used [0x0000000740900000,0x0000000740900000,0x0000000745600000)
  from space 3072K, 98% used [0x0000000745600000,0x00000007458f3db8,0x0000000745900000)
  to   space 10240K, 0% used [0x0000000746000000,0x0000000746000000,0x0000000746a00000)
 ParOldGen       total 287744K, used 70931K [0x0000000641a00000, 0x0000000653300000, 0x0000000740900000)
  object space 287744K, 24% used [0x0000000641a00000,0x0000000645f44d48,0x0000000653300000)
 Metaspace       used 52555K, capacity 53724K, committed 54400K, reserved 1095680K
  class space    used 6794K, capacity 7105K, committed 7296K, reserved 1048576K
Event: 185214.081 GC heap after
Heap after GC invocations=98 (full 15):
 PSYoungGen      total 81920K, used 0K [0x0000000740900000, 0x0000000746a00000, 0x00000007c0000000)
  eden space 78848K, 0% used [0x0000000740900000,0x0000000740900000,0x0000000745600000)
  from space 3072K, 0% used [0x0000000745600000,0x0000000745600000,0x0000000745900000)
  to   space 10240K, 0% used [0x0000000746000000,0x0000000746000000,0x0000000746a00000)
 ParOldGen       total 287744K, used 71077K [0x0000000641a00000, 0x0000000653300000, 0x0000000740900000)
  object space 287744K, 24% used [0x0000000641a00000,0x0000000645f694e0,0x0000000653300000)
 Metaspace       used 52555K, capacity 53724K, committed 54400K, reserved 1095680K
  class space    used 6794K, capacity 7105K, committed 7296K, reserved 1048576K
}
Event: 185271.097 GC heap before
{Heap before GC invocations=99 (full 15):
 PSYoungGen      total 81920K, used 78848K [0x0000000740900000, 0x0000000746a00000, 0x00000007c0000000)
  eden space 78848K, 100% used [0x0000000740900000,0x0000000745600000,0x0000000745600000)
  from space 3072K, 0% used [0x0000000745600000,0x0000000745600000,0x0000000745900000)
  to   space 10240K, 0% used [0x0000000746000000,0x0000000746000000,0x0000000746a00000)
 ParOldGen       total 287744K, used 71077K [0x0000000641a00000, 0x0000000653300000, 0x0000000740900000)
  object space 287744K, 24% used [0x0000000641a00000,0x0000000645f694e0,0x0000000653300000)
 Metaspace       used 52580K, capacity 53730K, committed 54400K, reserved 1095680K
  class space    used 6795K, capacity 7106K, committed 7296K, reserved 1048576K
Event: 185271.101 GC heap after
Heap after GC invocations=99 (full 15):
 PSYoungGen      total 88064K, used 5644K [0x0000000740900000, 0x0000000746980000, 0x00000007c0000000)
  eden space 78336K, 0% used [0x0000000740900000,0x0000000740900000,0x0000000745580000)
  from space 9728K, 58% used [0x0000000746000000,0x0000000746583360,0x0000000746980000)
  to   space 10240K, 0% used [0x0000000745580000,0x0000000745580000,0x0000000745f80000)
 ParOldGen       total 287744K, used 71077K [0x0000000641a00000, 0x0000000653300000, 0x0000000740900000)
  object space 287744K, 24% used [0x0000000641a00000,0x0000000645f694e0,0x0000000653300000)
 Metaspace       used 52580K, capacity 53730K, committed 54400K, reserved 1095680K
  class space    used 6795K, capacity 7106K, committed 7296K, reserved 1048576K
}
Event: 185728.286 GC heap before
{Heap before GC invocations=100 (full 15):
 PSYoungGen      total 88064K, used 83980K [0x0000000740900000, 0x0000000746980000, 0x00000007c0000000)
  eden space 78336K, 100% used [0x0000000740900000,0x0000000745580000,0x0000000745580000)
  from space 9728K, 58% used [0x0000000746000000,0x0000000746583360,0x0000000746980000)
  to   space 10240K, 0% used [0x0000000745580000,0x0000000745580000,0x0000000745f80000)
 ParOldGen       total 287744K, used 71077K [0x0000000641a00000, 0x0000000653300000, 0x0000000740900000)
  object space 287744K, 24% used [0x0000000641a00000,0x0000000645f694e0,0x0000000653300000)
 Metaspace       used 52610K, capacity 53736K, committed 54400K, reserved 1095680K
  class space    used 6796K, capacity 7107K, committed 7296K, reserved 1048576K
Event: 185728.290 GC heap after
Heap after GC invocations=100 (full 15):
 PSYoungGen      total 82944K, used 4779K [0x0000000740900000, 0x0000000746900000, 0x00000007c0000000)
  eden space 77824K, 0% used [0x0000000740900000,0x0000000740900000,0x0000000745500000)
  from space 5120K, 93% used [0x0000000745580000,0x0000000745a2ad48,0x0000000745a80000)
  to   space 10240K, 0% used [0x0000000745f00000,0x0000000745f00000,0x0000000746900000)
 ParOldGen       total 287744K, used 71077K [0x0000000641a00000, 0x0000000653300000, 0x0000000740900000)
  object space 287744K, 24% used [0x0000000641a00000,0x0000000645f694e0,0x0000000653300000)
 Metaspace       used 52610K, capacity 53736K, committed 54400K, reserved 1095680K
  class space    used 6796K, capacity 7107K, committed 7296K, reserved 1048576K
}
Event: 187441.142 GC heap before
{Heap before GC invocations=101 (full 15):
 PSYoungGen      total 82944K, used 82603K [0x0000000740900000, 0x0000000746900000, 0x00000007c0000000)
  eden space 77824K, 100% used [0x0000000740900000,0x0000000745500000,0x0000000745500000)
  from space 5120K, 93% used [0x0000000745580000,0x0000000745a2ad48,0x0000000745a80000)
  to   space 10240K, 0% used [0x0000000745f00000,0x0000000745f00000,0x0000000746900000)
 ParOldGen       total 287744K, used 71077K [0x0000000641a00000, 0x0000000653300000, 0x0000000740900000)
  object space 287744K, 24% used [0x0000000641a00000,0x0000000645f694e0,0x0000000653300000)
 Metaspace       used 52617K, capacity 53736K, committed 54400K, reserved 1095680K
  class space    used 6796K, capacity 7107K, committed 7296K, reserved 1048576K
Event: 187441.146 GC heap after
Heap after GC invocations=101 (full 15):
 PSYoungGen      total 86016K, used 2555K [0x0000000740900000, 0x0000000746780000, 0x00000007c0000000)
  eden space 77312K, 0% used [0x0000000740900000,0x0000000740900000,0x0000000745480000)
  from space 8704K, 29% used [0x0000000745f00000,0x000000074617ed58,0x0000000746780000)
  to   space 9728K, 0% used [0x0000000745480000,0x0000000745480000,0x0000000745e00000)
 ParOldGen       total 287744K, used 71077K [0x0000000641a00000, 0x0000000653300000, 0x0000000740900000)
  object space 287744K, 24% used [0x0000000641a00000,0x0000000645f694e0,0x0000000653300000)
 Metaspace       used 52617K, capacity 53736K, committed 54400K, reserved 1095680K
  class space    used 6796K, capacity 7107K, committed 7296K, reserved 1048576K
}

