# JRE version: Java(TM) SE Runtime Environment (8.0_151-b12) (build 1.8.0_151-b12)
# Java VM: Java HotSpot(TM) 64-Bit Server VM (25.151-b12 mixed mode windows-amd64 compressed oops)
Heap:
 PSYoungGen      total 162816K, used 27464K [0x0000000740900000, 0x000000074bd00000, 0x00000007c0000000)
  eden space 145920K, 8% used [0x0000000740900000,0x000000074156afb8,0x0000000749780000)
  from space 16896K, 87% used [0x0000000749780000,0x000000074a5e72e0,0x000000074a800000)
  to   space 18944K, 0% used [0x000000074aa80000,0x000000074aa80000,0x000000074bd00000)
 ParOldGen       total 337408K, used 106854K [0x0000000641a00000, 0x0000000656380000, 0x0000000740900000)
  object space 337408K, 31% used [0x0000000641a00000,0x0000000648259b70,0x0000000656380000)
 Metaspace       used 61167K, capacity 62432K, committed 62720K, reserved 1103872K
  class space    used 8518K, capacity 8849K, committed 8960K, reserved 1048576K
GC Heap History (10 events):
Event: 612203.021 GC heap before
{Heap before GC invocations=619 (full 6):
 PSYoungGen      total 163840K, used 87368K [0x0000000740900000, 0x000000074bc00000, 0x00000007c0000000)
  eden space 144384K, 58% used [0x0000000740900000,0x0000000745bda058,0x0000000749600000)
  from space 19456K, 12% used [0x000000074a900000,0x000000074ab78000,0x000000074bc00000)
  to   space 19456K, 0% used [0x0000000749600000,0x0000000749600000,0x000000074a900000)
 ParOldGen       total 337408K, used 90983K [0x0000000641a00000, 0x0000000656380000, 0x0000000740900000)
  object space 337408K, 26% used [0x0000000641a00000,0x00000006472d9f50,0x0000000656380000)
 Metaspace       used 61009K, capacity 62304K, committed 62720K, reserved 1103872K
  class space    used 8518K, capacity 8849K, committed 8960K, reserved 1048576K
Event: 612203.027 GC heap after
Heap after GC invocations=619 (full 6):
 PSYoungGen      total 163840K, used 4651K [0x0000000740900000, 0x000000074bb00000, 0x00000007c0000000)
  eden space 144384K, 0% used [0x0000000740900000,0x0000000740900000,0x0000000749600000)
  from space 19456K, 23% used [0x0000000749600000,0x0000000749a8af30,0x000000074a900000)
  to   space 18432K, 0% used [0x000000074a900000,0x000000074a900000,0x000000074bb00000)
 ParOldGen       total 337408K, used 90983K [0x0000000641a00000, 0x0000000656380000, 0x0000000740900000)
  object space 337408K, 26% used [0x0000000641a00000,0x00000006472d9f50,0x0000000656380000)
 Metaspace       used 61009K, capacity 62304K, committed 62720K, reserved 1103872K
  class space    used 8518K, capacity 8849K, committed 8960K, reserved 1048576K
}
Event: 612463.776 GC heap before
{Heap before GC invocations=620 (full 6):
 PSYoungGen      total 163840K, used 149035K [0x0000000740900000, 0x000000074bb00000, 0x00000007c0000000)
  eden space 144384K, 100% used [0x0000000740900000,0x0000000749600000,0x0000000749600000)
  from space 19456K, 23% used [0x0000000749600000,0x0000000749a8af30,0x000000074a900000)
  to   space 18432K, 0% used [0x000000074a900000,0x000000074a900000,0x000000074bb00000)
 ParOldGen       total 337408K, used 90983K [0x0000000641a00000, 0x0000000656380000, 0x0000000740900000)
  object space 337408K, 26% used [0x0000000641a00000,0x00000006472d9f50,0x0000000656380000)
 Metaspace       used 61149K, capacity 62432K, committed 62720K, reserved 1103872K
  class space    used 8518K, capacity 8849K, committed 8960K, reserved 1048576K
Event: 612463.784 GC heap after
Heap after GC invocations=620 (full 6):
 PSYoungGen      total 162816K, used 8722K [0x0000000740900000, 0x000000074ba00000, 0x00000007c0000000)
  eden space 145408K, 0% used [0x0000000740900000,0x0000000740900000,0x0000000749700000)
  from space 17408K, 50% used [0x000000074a900000,0x000000074b184a20,0x000000074ba00000)
  to   space 17920K, 0% used [0x0000000749700000,0x0000000749700000,0x000000074a880000)
 ParOldGen       total 337408K, used 90991K [0x0000000641a00000, 0x0000000656380000, 0x0000000740900000)
  object space 337408K, 26% used [0x0000000641a00000,0x00000006472dbf50,0x0000000656380000)
 Metaspace       used 61149K, capacity 62432K, committed 62720K, reserved 1103872K
  class space    used 8518K, capacity 8849K, committed 8960K, reserved 1048576K
}
Event: 612666.195 GC heap before
{Heap before GC invocations=621 (full 6):
 PSYoungGen      total 162816K, used 154130K [0x0000000740900000, 0x000000074ba00000, 0x00000007c0000000)
  eden space 145408K, 100% used [0x0000000740900000,0x0000000749700000,0x0000000749700000)
  from space 17408K, 50% used [0x000000074a900000,0x000000074b184a20,0x000000074ba00000)
  to   space 17920K, 0% used [0x0000000749700000,0x0000000749700000,0x000000074a880000)
 ParOldGen       total 337408K, used 90991K [0x0000000641a00000, 0x0000000656380000, 0x0000000740900000)
  object space 337408K, 26% used [0x0000000641a00000,0x00000006472dbf50,0x0000000656380000)
 Metaspace       used 61164K, capacity 62432K, committed 62720K, reserved 1103872K
  class space    used 8518K, capacity 8849K, committed 8960K, reserved 1048576K
Event: 612666.208 GC heap after
Heap after GC invocations=621 (full 6):
 PSYoungGen      total 163328K, used 9825K [0x0000000740900000, 0x000000074bb00000, 0x00000007c0000000)
  eden space 145408K, 0% used [0x0000000740900000,0x0000000740900000,0x0000000749700000)
  from space 17920K, 54% used [0x0000000749700000,0x000000074a0985a0,0x000000074a880000)
  to   space 17920K, 0% used [0x000000074a980000,0x000000074a980000,0x000000074bb00000)
 ParOldGen       total 337408K, used 90999K [0x0000000641a00000, 0x0000000656380000, 0x0000000740900000)
  object space 337408K, 26% used [0x0000000641a00000,0x00000006472ddf50,0x0000000656380000)
 Metaspace       used 61164K, capacity 62432K, committed 62720K, reserved 1103872K
  class space    used 8518K, capacity 8849K, committed 8960K, reserved 1048576K
}
Event: 614082.470 GC heap before
{Heap before GC invocations=622 (full 6):
 PSYoungGen      total 163328K, used 155233K [0x0000000740900000, 0x000000074bb00000, 0x00000007c0000000)
  eden space 145408K, 100% used [0x0000000740900000,0x0000000749700000,0x0000000749700000)
  from space 17920K, 54% used [0x0000000749700000,0x000000074a0985a0,0x000000074a880000)
  to   space 17920K, 0% used [0x000000074a980000,0x000000074a980000,0x000000074bb00000)
 ParOldGen       total 337408K, used 90999K [0x0000000641a00000, 0x0000000656380000, 0x0000000740900000)
  object space 337408K, 26% used [0x0000000641a00000,0x00000006472ddf50,0x0000000656380000)
 Metaspace       used 61166K, capacity 62432K, committed 62720K, reserved 1103872K
  class space    used 8518K, capacity 8849K, committed 8960K, reserved 1048576K
Event: 614082.475 GC heap after
Heap after GC invocations=622 (full 6):
 PSYoungGen      total 161280K, used 7127K [0x0000000740900000, 0x000000074b880000, 0x00000007c0000000)
  eden space 145920K, 0% used [0x0000000740900000,0x0000000740900000,0x0000000749780000)
  from space 15360K, 46% used [0x000000074a980000,0x000000074b075d60,0x000000074b880000)
  to   space 16896K, 0% used [0x0000000749780000,0x0000000749780000,0x000000074a800000)
 ParOldGen       total 337408K, used 90999K [0x0000000641a00000, 0x0000000656380000, 0x0000000740900000)
  object space 337408K, 26% used [0x0000000641a00000,0x00000006472ddf50,0x0000000656380000)
 Metaspace       used 61166K, capacity 62432K, committed 62720K, reserved 1103872K
  class space    used 8518K, capacity 8849K, committed 8960K, reserved 1048576K
}
Event: 615710.492 GC heap before
{Heap before GC invocations=623 (full 6):
 PSYoungGen      total 161280K, used 153047K [0x0000000740900000, 0x000000074b880000, 0x00000007c0000000)
  eden space 145920K, 100% used [0x0000000740900000,0x0000000749780000,0x0000000749780000)
  from space 15360K, 46% used [0x000000074a980000,0x000000074b075d60,0x000000074b880000)
  to   space 16896K, 0% used [0x0000000749780000,0x0000000749780000,0x000000074a800000)
 ParOldGen       total 337408K, used 90999K [0x0000000641a00000, 0x0000000656380000, 0x0000000740900000)
  object space 337408K, 26% used [0x0000000641a00000,0x00000006472ddf50,0x0000000656380000)
 Metaspace       used 61166K, capacity 62432K, committed 62720K, reserved 1103872K
  class space    used 8518K, capacity 8849K, committed 8960K, reserved 1048576K
Event: 615710.543 GC heap after
Heap after GC invocations=623 (full 6):
 PSYoungGen      total 162816K, used 14748K [0x0000000740900000, 0x000000074bd00000, 0x00000007c0000000)
  eden space 145920K, 0% used [0x0000000740900000,0x0000000740900000,0x0000000749780000)
  from space 16896K, 87% used [0x0000000749780000,0x000000074a5e72e0,0x000000074a800000)
  to   space 18944K, 0% used [0x000000074aa80000,0x000000074aa80000,0x000000074bd00000)
 ParOldGen       total 337408K, used 106854K [0x0000000641a00000, 0x0000000656380000, 0x0000000740900000)
  object space 337408K, 31% used [0x0000000641a00000,0x0000000648259b70,0x0000000656380000)
 Metaspace       used 61166K, capacity 62432K, committed 62720K, reserved 1103872K
  class space    used 8518K, capacity 8849K, committed 8960K, reserved 1048576K
}

