# JRE version: Java(TM) SE Runtime Environment (8.0_151-b12) (build 1.8.0_151-b12)
# Java VM: Java HotSpot(TM) 64-Bit Server VM (25.151-b12 mixed mode windows-amd64 compressed oops)
Heap:
 PSYoungGen      total 301568K, used 177414K [0x0000000740900000, 0x0000000757a00000, 0x00000007c0000000)
  eden space 229376K, 73% used [0x0000000740900000,0x000000074aea53e0,0x000000074e900000)
  from space 72192K, 10% used [0x0000000753380000,0x0000000753b1c7b8,0x0000000757a00000)
  to   space 74240K, 0% used [0x000000074e900000,0x000000074e900000,0x0000000753180000)
 ParOldGen       total 349184K, used 91120K [0x0000000641a00000, 0x0000000656f00000, 0x0000000740900000)
  object space 349184K, 26% used [0x0000000641a00000,0x00000006472fc028,0x0000000656f00000)
 Metaspace       used 60457K, capacity 61610K, committed 62208K, reserved 1101824K
  class space    used 8485K, capacity 8796K, committed 8960K, reserved 1048576K
GC Heap History (10 events):
Event: 607909.010 GC heap before
{Heap before GC invocations=44 (full 5):
 PSYoungGen      total 310272K, used 228352K [0x0000000740900000, 0x0000000758900000, 0x00000007c0000000)
  eden space 228352K, 100% used [0x0000000740900000,0x000000074e800000,0x000000074e800000)
  from space 81920K, 0% used [0x0000000753900000,0x0000000753900000,0x0000000758900000)
  to   space 82432K, 0% used [0x000000074e800000,0x000000074e800000,0x0000000753880000)
 ParOldGen       total 349184K, used 89834K [0x0000000641a00000, 0x0000000656f00000, 0x0000000740900000)
  object space 349184K, 25% used [0x0000000641a00000,0x00000006471baa00,0x0000000656f00000)
 Metaspace       used 59874K, capacity 60968K, committed 61440K, reserved 1101824K
  class space    used 8478K, capacity 8785K, committed 8960K, reserved 1048576K
Event: 607909.024 GC heap after
Heap after GC invocations=44 (full 5):
 PSYoungGen      total 236544K, used 8096K [0x0000000740900000, 0x0000000758680000, 0x00000007c0000000)
  eden space 228352K, 0% used [0x0000000740900000,0x0000000740900000,0x000000074e800000)
  from space 8192K, 98% used [0x000000074e800000,0x000000074efe8060,0x000000074f000000)
  to   space 80896K, 0% used [0x0000000753780000,0x0000000753780000,0x0000000758680000)
 ParOldGen       total 349184K, used 89842K [0x0000000641a00000, 0x0000000656f00000, 0x0000000740900000)
  object space 349184K, 25% used [0x0000000641a00000,0x00000006471bca00,0x0000000656f00000)
 Metaspace       used 59874K, capacity 60968K, committed 61440K, reserved 1101824K
  class space    used 8478K, capacity 8785K, committed 8960K, reserved 1048576K
}
Event: 610247.698 GC heap before
{Heap before GC invocations=45 (full 5):
 PSYoungGen      total 236544K, used 236448K [0x0000000740900000, 0x0000000758680000, 0x00000007c0000000)
  eden space 228352K, 100% used [0x0000000740900000,0x000000074e800000,0x000000074e800000)
  from space 8192K, 98% used [0x000000074e800000,0x000000074efe8060,0x000000074f000000)
  to   space 80896K, 0% used [0x0000000753780000,0x0000000753780000,0x0000000758680000)
 ParOldGen       total 349184K, used 89842K [0x0000000641a00000, 0x0000000656f00000, 0x0000000740900000)
  object space 349184K, 25% used [0x0000000641a00000,0x00000006471bca00,0x0000000656f00000)
 Metaspace       used 60089K, capacity 61190K, committed 61696K, reserved 1101824K
  class space    used 8481K, capacity 8790K, committed 8960K, reserved 1048576K
Event: 610247.704 GC heap after
Heap after GC invocations=45 (full 5):
 PSYoungGen      total 306688K, used 6294K [0x0000000740900000, 0x0000000758380000, 0x00000007c0000000)
  eden space 228864K, 0% used [0x0000000740900000,0x0000000740900000,0x000000074e880000)
  from space 77824K, 8% used [0x0000000753780000,0x0000000753da5990,0x0000000758380000)
  to   space 79360K, 0% used [0x000000074e880000,0x000000074e880000,0x0000000753600000)
 ParOldGen       total 349184K, used 89850K [0x0000000641a00000, 0x0000000656f00000, 0x0000000740900000)
  object space 349184K, 25% used [0x0000000641a00000,0x00000006471bea00,0x0000000656f00000)
 Metaspace       used 60089K, capacity 61190K, committed 61696K, reserved 1101824K
  class space    used 8481K, capacity 8790K, committed 8960K, reserved 1048576K
}
Event: 612663.767 GC heap before
{Heap before GC invocations=46 (full 5):
 PSYoungGen      total 306688K, used 144955K [0x0000000740900000, 0x0000000758380000, 0x00000007c0000000)
  eden space 228864K, 60% used [0x0000000740900000,0x00000007490694d0,0x000000074e880000)
  from space 77824K, 8% used [0x0000000753780000,0x0000000753da5990,0x0000000758380000)
  to   space 79360K, 0% used [0x000000074e880000,0x000000074e880000,0x0000000753600000)
 ParOldGen       total 349184K, used 89850K [0x0000000641a00000, 0x0000000656f00000, 0x0000000740900000)
  object space 349184K, 25% used [0x0000000641a00000,0x00000006471bea00,0x0000000656f00000)
 Metaspace       used 60135K, capacity 61254K, committed 61696K, reserved 1101824K
  class space    used 8481K, capacity 8790K, committed 8960K, reserved 1048576K
Event: 612663.787 GC heap after
Heap after GC invocations=46 (full 5):
 PSYoungGen      total 236032K, used 6848K [0x0000000740900000, 0x0000000757e80000, 0x00000007c0000000)
  eden space 228864K, 0% used [0x0000000740900000,0x0000000740900000,0x000000074e880000)
  from space 7168K, 95% used [0x000000074e880000,0x000000074ef302f0,0x000000074ef80000)
  to   space 76800K, 0% used [0x0000000753380000,0x0000000753380000,0x0000000757e80000)
 ParOldGen       total 349184K, used 89858K [0x0000000641a00000, 0x0000000656f00000, 0x0000000740900000)
  object space 349184K, 25% used [0x0000000641a00000,0x00000006471c0a00,0x0000000656f00000)
 Metaspace       used 60135K, capacity 61254K, committed 61696K, reserved 1101824K
  class space    used 8481K, capacity 8790K, committed 8960K, reserved 1048576K
}
Event: 612663.787 GC heap before
{Heap before GC invocations=47 (full 6):
 PSYoungGen      total 236032K, used 6848K [0x0000000740900000, 0x0000000757e80000, 0x00000007c0000000)
  eden space 228864K, 0% used [0x0000000740900000,0x0000000740900000,0x000000074e880000)
  from space 7168K, 95% used [0x000000074e880000,0x000000074ef302f0,0x000000074ef80000)
  to   space 76800K, 0% used [0x0000000753380000,0x0000000753380000,0x0000000757e80000)
 ParOldGen       total 349184K, used 89858K [0x0000000641a00000, 0x0000000656f00000, 0x0000000740900000)
  object space 349184K, 25% used [0x0000000641a00000,0x00000006471c0a00,0x0000000656f00000)
 Metaspace       used 60135K, capacity 61254K, committed 61696K, reserved 1101824K
  class space    used 8481K, capacity 8790K, committed 8960K, reserved 1048576K
Event: 612664.191 GC heap after
Heap after GC invocations=47 (full 6):
 PSYoungGen      total 236032K, used 0K [0x0000000740900000, 0x0000000757e80000, 0x00000007c0000000)
  eden space 228864K, 0% used [0x0000000740900000,0x0000000740900000,0x000000074e880000)
  from space 7168K, 0% used [0x000000074e880000,0x000000074e880000,0x000000074ef80000)
  to   space 76800K, 0% used [0x0000000753380000,0x0000000753380000,0x0000000757e80000)
 ParOldGen       total 349184K, used 91112K [0x0000000641a00000, 0x0000000656f00000, 0x0000000740900000)
  object space 349184K, 26% used [0x0000000641a00000,0x00000006472fa028,0x0000000656f00000)
 Metaspace       used 60135K, capacity 61254K, committed 61696K, reserved 1101824K
  class space    used 8481K, capacity 8790K, committed 8960K, reserved 1048576K
}
Event: 613554.790 GC heap before
{Heap before GC invocations=48 (full 6):
 PSYoungGen      total 236032K, used 228864K [0x0000000740900000, 0x0000000757e80000, 0x00000007c0000000)
  eden space 228864K, 100% used [0x0000000740900000,0x000000074e880000,0x000000074e880000)
  from space 7168K, 0% used [0x000000074e880000,0x000000074e880000,0x000000074ef80000)
  to   space 76800K, 0% used [0x0000000753380000,0x0000000753380000,0x0000000757e80000)
 ParOldGen       total 349184K, used 91112K [0x0000000641a00000, 0x0000000656f00000, 0x0000000740900000)
  object space 349184K, 26% used [0x0000000641a00000,0x00000006472fa028,0x0000000656f00000)
 Metaspace       used 60302K, capacity 61446K, committed 61952K, reserved 1101824K
  class space    used 8482K, capacity 8790K, committed 8960K, reserved 1048576K
Event: 613554.802 GC heap after
Heap after GC invocations=48 (full 6):
 PSYoungGen      total 301568K, used 7793K [0x0000000740900000, 0x0000000757a00000, 0x00000007c0000000)
  eden space 229376K, 0% used [0x0000000740900000,0x0000000740900000,0x000000074e900000)
  from space 72192K, 10% used [0x0000000753380000,0x0000000753b1c7b8,0x0000000757a00000)
  to   space 74240K, 0% used [0x000000074e900000,0x000000074e900000,0x0000000753180000)
 ParOldGen       total 349184K, used 91120K [0x0000000641a00000, 0x0000000656f00000, 0x0000000740900000)
  object space 349184K, 26% used [0x0000000641a00000,0x00000006472fc028,0x0000000656f00000)
 Metaspace       used 60302K, capacity 61446K, committed 61952K, reserved 1101824K
  class space    used 8482K, capacity 8790K, committed 8960K, reserved 1048576K
}

